\BOOKMARK [1][-]{toc.1}{\376\377\000C\000o\000n\000t\000e\000n\000t\000s}{}% 1
\BOOKMARK [1][-]{section*.2}{\376\377\000E\000x\000e\000c\000u\000t\000i\000v\000e\000\040\000s\000u\000m\000m\000a\000r\000y}{}% 2
\BOOKMARK [2][-]{section*.3}{\376\377\000S\000t\000o\000c\000k}{section*.2}% 3
\BOOKMARK [2][-]{section*.4}{\376\377\000C\000a\000t\000c\000h\000e\000s}{section*.2}% 4
\BOOKMARK [2][-]{section*.6}{\376\377\000D\000a\000t\000a\000\040\000a\000n\000d\000\040\000a\000s\000s\000e\000s\000s\000m\000e\000n\000t}{section*.2}% 5
\BOOKMARK [2][-]{section*.8}{\376\377\000S\000t\000o\000c\000k\000\040\000b\000i\000o\000m\000a\000s\000s\000\040\000a\000n\000d\000\040\000d\000y\000n\000a\000m\000i\000c\000s}{section*.2}% 6
\BOOKMARK [2][-]{section*.10}{\376\377\000R\000e\000c\000r\000u\000i\000t\000m\000e\000n\000t}{section*.2}% 7
\BOOKMARK [2][-]{section*.12}{\376\377\000E\000x\000p\000l\000o\000i\000t\000a\000t\000i\000o\000n\000\040\000s\000t\000a\000t\000u\000s}{section*.2}% 8
\BOOKMARK [2][-]{section*.17}{\376\377\000E\000c\000o\000s\000y\000s\000t\000e\000m\000\040\000c\000o\000n\000s\000i\000d\000e\000r\000a\000t\000i\000o\000n\000s}{section*.2}% 9
\BOOKMARK [2][-]{section*.18}{\376\377\000R\000e\000f\000e\000r\000e\000n\000c\000e\000\040\000p\000o\000i\000n\000t\000s}{section*.2}% 10
\BOOKMARK [2][-]{section*.20}{\376\377\000M\000a\000n\000a\000g\000e\000m\000e\000n\000t\000\040\000p\000e\000r\000f\000o\000r\000m\000a\000n\000c\000e}{section*.2}% 11
\BOOKMARK [2][-]{section*.21}{\376\377\000U\000n\000r\000e\000s\000o\000l\000v\000e\000d\000\040\000p\000r\000o\000b\000l\000e\000m\000s\000\040\000a\000n\000d\000\040\000m\000a\000j\000o\000r\000\040\000u\000n\000c\000e\000r\000t\000a\000i\000n\000t\000i\000e\000s}{section*.2}% 12
\BOOKMARK [2][-]{section*.22}{\376\377\000D\000e\000c\000i\000s\000i\000o\000n\000\040\000t\000a\000b\000l\000e\000\040\000a\000n\000d\000\040\000p\000r\000o\000j\000e\000c\000t\000i\000o\000n\000s}{section*.2}% 13
\BOOKMARK [2][-]{section*.23}{\376\377\000S\000c\000i\000e\000n\000t\000i\000f\000i\000c\000\040\000u\000n\000c\000e\000r\000t\000a\000i\000n\000t\000y}{section*.2}% 14
\BOOKMARK [2][-]{section*.24}{\376\377\000R\000e\000s\000e\000a\000r\000c\000h\000\040\000a\000n\000d\000\040\000d\000a\000t\000a\000\040\000n\000e\000e\000d\000s}{section*.2}% 15
\BOOKMARK [1][-]{section.1}{\376\377\000I\000n\000t\000r\000o\000d\000u\000c\000t\000i\000o\000n}{}% 16
\BOOKMARK [2][-]{subsection.1.1}{\376\377\000B\000a\000s\000i\000c\000\040\000I\000n\000f\000o\000r\000m\000a\000t\000i\000o\000n}{section.1}% 17
\BOOKMARK [2][-]{subsection.1.2}{\376\377\000S\000t\000o\000c\000k\000\040\000S\000t\000r\000u\000c\000t\000u\000r\000e}{section.1}% 18
\BOOKMARK [2][-]{subsection.1.3}{\376\377\000L\000i\000f\000e\000\040\000H\000i\000s\000t\000o\000r\000y}{section.1}% 19
\BOOKMARK [2][-]{subsection.1.4}{\376\377\000E\000c\000o\000s\000y\000s\000t\000e\000m\000\040\000C\000o\000n\000s\000i\000d\000e\000r\000a\000t\000i\000o\000n\000s}{section.1}% 20
\BOOKMARK [2][-]{subsection.1.5}{\376\377\000H\000i\000s\000t\000o\000r\000i\000c\000a\000l\000\040\000a\000n\000d\000\040\000C\000u\000r\000r\000e\000n\000t\000\040\000F\000i\000s\000h\000e\000r\000y\000\040\000I\000n\000f\000o\000r\000m\000a\000t\000i\000o\000n}{section.1}% 21
\BOOKMARK [2][-]{subsection.1.6}{\376\377\000S\000u\000m\000m\000a\000r\000y\000\040\000o\000f\000\040\000M\000a\000n\000a\000g\000e\000m\000e\000n\000t\000\040\000H\000i\000s\000t\000o\000r\000y\000\040\000a\000n\000d\000\040\000P\000e\000r\000f\000o\000r\000m\000a\000n\000c\000e}{section.1}% 22
\BOOKMARK [2][-]{subsection.1.7}{\376\377\000F\000o\000r\000e\000i\000g\000n\000\040\000F\000i\000s\000h\000e\000r\000i\000e\000s}{section.1}% 23
\BOOKMARK [1][-]{section.2}{\376\377\000D\000a\000t\000a}{}% 24
\BOOKMARK [2][-]{subsection.2.1}{\376\377\000F\000i\000s\000h\000e\000r\000y\000-\000D\000e\000p\000e\000n\000d\000e\000n\000t\000\040\000D\000a\000t\000a}{section.2}% 25
\BOOKMARK [3][-]{subsubsection.2.1.1}{\376\377\000C\000a\000t\000c\000h\000\040\000H\000i\000s\000t\000o\000r\000y}{subsection.2.1}% 26
\BOOKMARK [3][-]{subsubsection.2.1.2}{\376\377\000D\000i\000s\000c\000a\000r\000d\000s\000\040\000a\000n\000d\000\040\000r\000e\000t\000e\000n\000t\000i\000o\000n}{subsection.2.1}% 27
\BOOKMARK [3][-]{subsubsection.2.1.3}{\376\377\000F\000i\000s\000h\000e\000r\000y\000\040\000L\000e\000n\000g\000t\000h\000\040\000C\000o\000m\000p\000o\000s\000i\000t\000i\000o\000n\000s}{subsection.2.1}% 28
\BOOKMARK [3][-]{subsubsection.2.1.4}{\376\377\000A\000g\000e\000\040\000C\000o\000m\000p\000o\000s\000i\000t\000i\000o\000n\000s}{subsection.2.1}% 29
\BOOKMARK [2][-]{subsection.2.2}{\376\377\000F\000i\000s\000h\000e\000r\000y\000-\000I\000n\000d\000e\000p\000e\000n\000d\000e\000n\000t\000\040\000D\000a\000t\000a}{section.2}% 30
\BOOKMARK [3][-]{subsubsection.2.2.1}{}{subsection.2.2}% 31
\BOOKMARK [3][-]{subsubsection.2.2.2}{\376\377\000\040\000a\000n\000d\000\040\000S\000l\000o\000p\000e\000\040\000S\000u\000r\000v\000e\000y\000s}{subsection.2.2}% 32
\BOOKMARK [3][-]{subsubsection.2.2.3}{}{subsection.2.2}% 33
\BOOKMARK [3][-]{subsubsection.2.2.4}{\376\377\000S\000u\000r\000v\000e\000y\000\040\000S\000t\000r\000a\000t\000i\000f\000i\000c\000a\000t\000i\000o\000n}{subsection.2.2}% 34
\BOOKMARK [3][-]{subsubsection.2.2.5}{\376\377\000D\000e\000s\000i\000g\000n\000-\000b\000a\000s\000e\000d\000\040\000I\000n\000d\000i\000c\000e\000s\000\040\000o\000f\000\040\000A\000b\000u\000n\000d\000a\000n\000c\000e}{subsection.2.2}% 35
\BOOKMARK [3][-]{subsubsection.2.2.6}{\376\377\000G\000e\000o\000s\000t\000a\000t\000i\000s\000t\000i\000c\000a\000l\000\040\000M\000o\000d\000e\000l\000-\000b\000a\000s\000e\000d\000\040\000I\000n\000d\000i\000c\000e\000s\000\040\000o\000f\000\040\000A\000b\000u\000n\000d\000a\000n\000c\000e}{subsection.2.2}% 36
\BOOKMARK [3][-]{subsubsection.2.2.7}{\376\377\000L\000e\000n\000g\000t\000h\000\040\000C\000o\000m\000p\000o\000s\000i\000t\000i\000o\000n\000\040\000D\000a\000t\000a}{subsection.2.2}% 37
\BOOKMARK [3][-]{subsubsection.2.2.8}{\376\377\000F\000r\000e\000q\000u\000e\000n\000c\000y\000\040\000o\000f\000\040\000O\000c\000c\000u\000r\000r\000e\000n\000c\000e\000\040\000a\000n\000d\000\040\000S\000u\000r\000v\000e\000y\000\040\000I\000n\000f\000o\000r\000m\000a\000t\000i\000o\000n}{subsection.2.2}% 38
\BOOKMARK [2][-]{subsection.2.3}{\376\377\000B\000i\000o\000l\000o\000g\000i\000c\000a\000l\000\040\000D\000a\000t\000a}{section.2}% 39
\BOOKMARK [3][-]{subsubsection.2.3.1}{\376\377\000N\000a\000t\000u\000r\000a\000l\000\040\000M\000o\000r\000t\000a\000l\000i\000t\000y}{subsection.2.3}% 40
\BOOKMARK [3][-]{subsubsection.2.3.2}{\376\377\000M\000a\000t\000u\000r\000a\000t\000i\000o\000n\000\040\000a\000n\000d\000\040\000F\000e\000c\000u\000n\000d\000i\000t\000y}{subsection.2.3}% 41
\BOOKMARK [3][-]{subsubsection.2.3.3}{\376\377\000L\000e\000n\000g\000t\000h\000-\000W\000e\000i\000g\000h\000t\000\040\000R\000e\000l\000a\000t\000i\000o\000n\000s\000h\000i\000p}{subsection.2.3}% 42
\BOOKMARK [3][-]{subsubsection.2.3.4}{\376\377\000G\000r\000o\000w\000t\000h\000\040\000\050\000L\000e\000n\000g\000t\000h\000-\000a\000t\000-\000A\000g\000e\000\051}{subsection.2.3}% 43
\BOOKMARK [3][-]{subsubsection.2.3.5}{\376\377\000A\000g\000e\000i\000n\000g\000\040\000P\000r\000e\000c\000i\000s\000i\000o\000n\000\040\000a\000n\000d\000\040\000B\000i\000a\000s}{subsection.2.3}% 44
\BOOKMARK [2][-]{subsection.2.4}{\376\377\000E\000n\000v\000i\000r\000o\000n\000m\000e\000n\000t\000a\000l\000\040\000a\000n\000d\000\040\000E\000c\000o\000s\000y\000s\000t\000e\000m\000\040\000D\000a\000t\000a}{section.2}% 45
\BOOKMARK [2][-]{subsection.2.5}{\376\377\000C\000h\000a\000n\000g\000e\000s\000\040\000i\000n\000\040\000d\000a\000t\000a\000\040\000f\000r\000o\000m\000\040\000t\000h\000e\000\040\0002\0000\0001\0003\000\040\000a\000s\000s\000e\000s\000s\000m\000e\000n\000t}{section.2}% 46
\BOOKMARK [1][-]{section.3}{\376\377\000A\000s\000s\000e\000s\000s\000m\000e\000n\000t\000\040\000M\000o\000d\000e\000l}{}% 47
\BOOKMARK [2][-]{subsection.3.1}{\376\377\000S\000u\000m\000m\000a\000r\000y\000\040\000o\000f\000\040\000P\000r\000e\000v\000i\000o\000u\000s\000\040\000A\000s\000s\000e\000s\000s\000m\000e\000n\000t\000s\000\040\000a\000n\000d\000\040\000R\000e\000v\000i\000e\000w\000s}{section.3}% 48
\BOOKMARK [3][-]{subsubsection.3.1.1}{\376\377\000H\000i\000s\000t\000o\000r\000y\000\040\000o\000f\000\040\000M\000o\000d\000e\000l\000i\000n\000g\000\040\000A\000p\000p\000r\000o\000a\000c\000h\000e\000s\000\040\000\050\000n\000o\000t\000\040\000r\000e\000q\000u\000i\000r\000e\000d\000\040\000f\000o\000r\000\040\000a\000n\000\040\000u\000p\000d\000a\000t\000e\000\040\000a\000s\000s\000e\000s\000s\000m\000e\000n\000t\000\051}{subsection.3.1}% 49
\BOOKMARK [3][-]{subsubsection.3.1.2}{\376\377\000M\000o\000s\000t\000\040\000R\000e\000c\000e\000n\000t\000\040\000S\000T\000A\000R\000\040\000P\000a\000n\000e\000l\000\040\000a\000n\000d\000\040\000S\000S\000C\000\040\000R\000e\000c\000o\000m\000m\000e\000n\000d\000a\000t\000i\000o\000n\000s\000\040\000\050\000n\000o\000t\000\040\000r\000e\000q\000u\000i\000r\000e\000d\000\040\000f\000o\000r\000\040\000a\000n\000\040\000u\000p\000d\000a\000t\000e\000\040\000a\000s\000s\000e\000s\000s\000m\000e\000n\000t\000\051}{subsection.3.1}% 50
\BOOKMARK [3][-]{subsubsection.3.1.3}{\376\377\000R\000e\000s\000p\000o\000n\000s\000e\000\040\000t\000o\000\040\000G\000r\000o\000u\000n\000d\000f\000i\000s\000h\000\040\000S\000u\000b\000c\000o\000m\000m\000i\000t\000t\000e\000e\000\040\000R\000e\000q\000u\000e\000s\000t\000s\000\040\000\050\000n\000o\000t\000\040\000r\000e\000q\000u\000i\000r\000e\000d\000\040\000i\000n\000\040\000d\000r\000a\000f\000t\000\051}{subsection.3.1}% 51
\BOOKMARK [2][-]{subsection.3.2}{\376\377\000M\000o\000d\000e\000l\000\040\000S\000t\000r\000u\000c\000t\000u\000r\000e\000\040\000a\000n\000d\000\040\000A\000s\000s\000u\000m\000p\000t\000i\000o\000n\000s}{section.3}% 52
\BOOKMARK [3][-]{subsubsection.3.2.1}{\376\377\000M\000o\000d\000e\000l\000\040\000C\000h\000a\000n\000g\000e\000s\000\040\000f\000r\000o\000m\000\040\000t\000h\000e\000\040\000L\000a\000s\000t\000\040\000A\000s\000s\000e\000s\000s\000m\000e\000n\000t\000\040\000\050\000n\000o\000t\000\040\000r\000e\000q\000u\000i\000r\000e\000d\000\040\000f\000o\000r\000\040\000a\000n\000\040\000u\000p\000d\000a\000t\000e\000\040\000a\000s\000s\000e\000s\000s\000m\000e\000n\000t\000\051}{subsection.3.2}% 53
\BOOKMARK [3][-]{subsubsection.3.2.2}{\376\377\000M\000o\000d\000e\000l\000i\000n\000g\000\040\000P\000l\000a\000t\000f\000o\000r\000m\000\040\000a\000n\000d\000\040\000S\000t\000r\000u\000c\000t\000u\000r\000e}{subsection.3.2}% 54
\BOOKMARK [3][-]{subsubsection.3.2.3}{\376\377\000M\000o\000d\000e\000l\000\040\000F\000l\000e\000e\000t\000\040\000S\000t\000r\000u\000c\000t\000u\000r\000e}{subsection.3.2}% 55
\BOOKMARK [3][-]{subsubsection.3.2.4}{\376\377\000M\000o\000d\000e\000l\000\040\000P\000a\000r\000a\000m\000e\000t\000e\000r\000s}{subsection.3.2}% 56
\BOOKMARK [2][-]{subsection.3.3}{\376\377\000B\000a\000s\000e\000\040\000M\000o\000d\000e\000l\000\040\000R\000e\000s\000u\000l\000t\000s}{section.3}% 57
\BOOKMARK [3][-]{subsubsection.3.3.1}{\376\377\000P\000a\000r\000a\000m\000e\000t\000e\000r\000\040\000E\000s\000t\000i\000m\000a\000t\000e\000s}{subsection.3.3}% 58
\BOOKMARK [3][-]{subsubsection.3.3.2}{\376\377\000F\000i\000t\000s\000\040\000t\000o\000\040\000t\000h\000e\000\040\000D\000a\000t\000a}{subsection.3.3}% 59
\BOOKMARK [3][-]{subsubsection.3.3.3}{\376\377\000P\000o\000p\000u\000l\000a\000t\000i\000o\000n\000\040\000T\000r\000a\000j\000e\000c\000t\000o\000r\000y}{subsection.3.3}% 60
\BOOKMARK [2][-]{subsection.3.4}{\376\377\000M\000o\000d\000e\000l\000\040\000D\000i\000a\000g\000n\000o\000s\000t\000i\000c\000s}{section.3}% 61
\BOOKMARK [3][-]{subsubsection.3.4.1}{\376\377\000C\000o\000n\000v\000e\000r\000g\000e\000n\000c\000e}{subsection.3.4}% 62
\BOOKMARK [3][-]{subsubsection.3.4.2}{\376\377\000S\000e\000n\000s\000i\000t\000i\000v\000i\000t\000y\000\040\000A\000n\000a\000l\000y\000s\000e\000s}{subsection.3.4}% 63
\BOOKMARK [3][-]{subsubsection.3.4.3}{\376\377\000R\000e\000t\000r\000o\000s\000p\000e\000c\000t\000i\000v\000e\000\040\000A\000n\000a\000l\000y\000s\000i\000s}{subsection.3.4}% 64
\BOOKMARK [3][-]{subsubsection.3.4.4}{\376\377\000L\000i\000k\000e\000l\000i\000h\000o\000o\000d\000\040\000P\000r\000o\000f\000i\000l\000e\000s}{subsection.3.4}% 65
\BOOKMARK [3][-]{subsubsection.3.4.5}{\376\377\000U\000n\000r\000e\000s\000o\000l\000v\000e\000d\000\040\000P\000r\000o\000b\000l\000e\000m\000s\000\040\000a\000n\000d\000\040\000M\000a\000j\000o\000r\000\040\000U\000n\000c\000e\000r\000t\000a\000i\000n\000t\000i\000e\000s}{subsection.3.4}% 66
\BOOKMARK [1][-]{section.4}{\376\377\000M\000a\000n\000a\000g\000e\000m\000e\000n\000t}{}% 67
\BOOKMARK [2][-]{subsection.4.1}{\376\377\000R\000e\000f\000e\000r\000e\000n\000c\000e\000\040\000P\000o\000i\000n\000t\000s}{section.4}% 68
\BOOKMARK [2][-]{subsection.4.2}{\376\377\000H\000a\000r\000v\000e\000s\000t\000\040\000P\000r\000o\000j\000e\000c\000t\000i\000o\000n\000s\000\040\000a\000n\000d\000\040\000D\000e\000c\000i\000s\000i\000o\000n\000\040\000T\000a\000b\000l\000e\000s}{section.4}% 69
\BOOKMARK [2][-]{subsection.4.3}{\376\377\000E\000v\000a\000l\000u\000a\000t\000i\000o\000n\000\040\000o\000f\000\040\000S\000c\000i\000e\000n\000t\000i\000f\000i\000c\000\040\000U\000n\000c\000e\000r\000t\000a\000i\000n\000t\000y}{section.4}% 70
\BOOKMARK [2][-]{subsection.4.4}{\376\377\000R\000e\000s\000e\000a\000r\000c\000h\000\040\000a\000n\000d\000\040\000D\000a\000t\000a\000\040\000N\000e\000e\000d\000s}{section.4}% 71
\BOOKMARK [1][-]{section.5}{\376\377\000A\000c\000k\000n\000o\000w\000l\000e\000d\000g\000m\000e\000n\000t\000s}{}% 72
\BOOKMARK [1][-]{section.6}{\376\377\000R\000e\000f\000e\000r\000e\000n\000c\000e\000s}{}% 73
\BOOKMARK [1][-]{section.7}{\376\377\000T\000a\000b\000l\000e\000s}{}% 74
\BOOKMARK [2][-]{subsection.7.1}{\376\377\000E\000x\000e\000c\000u\000t\000i\000v\000e\000\040\000S\000u\000m\000m\000a\000r\000y}{section.7}% 75
\BOOKMARK [1][-]{section.8}{\376\377\000F\000i\000g\000u\000r\000e\000s}{}% 76
\BOOKMARK [2][-]{subsection.8.1}{\376\377\000D\000a\000t\000a\000\040\000f\000i\000g\000u\000r\000e\000s}{section.8}% 77
\BOOKMARK [1][-]{section.9}{\376\377\000A\000s\000s\000e\000s\000s\000m\000e\000n\000t\000\040\000M\000o\000d\000e\000l\000\040\000P\000l\000o\000t\000s}{}% 78
